<?xml version="1.0" encoding="UTF-8"?>
<!-- Generated by org.testng.reporters.JUnitXMLReporter -->
<testsuite ignored="0" hostname="Dinesh" failures="0" tests="14" name="Default test" time="183.721" errors="0" timestamp="2024-03-16T14:35:29 IST">
  <testcase classname="logical_Cart_pack_Dinesh.Getting_GreenProduct_Title" name="@BeforeTest basic" time="183.408">
    <failure type="org.openqa.selenium.TimeoutException" message="java.util.concurrent.TimeoutException
Build info: version: &amp;apos;4.17.0&amp;apos;, revision: &amp;apos;e52b1be057*&amp;apos;
System info: os.name: &amp;apos;Windows 11&amp;apos;, os.arch: &amp;apos;amd64&amp;apos;, os.version: &amp;apos;10.0&amp;apos;, java.version: &amp;apos;21.0.2&amp;apos;
Driver info: org.openqa.selenium.chrome.ChromeDriver
Command: [87092248d1d363f326a7a3ee472e8844, get {url=https://cart.logicalmindsitsolutions.com/}]
Capabilities {acceptInsecureCerts: false, browserName: chrome, browserVersion: 122.0.6261.129, chrome: {chromedriverVersion: 122.0.6261.128 (f18a44fedeb..., userDataDir: C:\Users\arund\AppData\Loca...}, fedcm:accounts: true, goog:chromeOptions: {debuggerAddress: localhost:54975}, networkConnectionEnabled: false, pageLoadStrategy: normal, platformName: windows, proxy: Proxy(), se:cdp: ws://localhost:54975/devtoo..., se:cdpVersion: 122.0.6261.129, setWindowRect: true, strictFileInteractability: false, timeouts: {implicit: 0, pageLoad: 300000, script: 30000}, unhandledPromptBehavior: dismiss and notify, webauthn:extension:credBlob: true, webauthn:extension:largeBlob: true, webauthn:extension:minPinLength: true, webauthn:extension:prf: true, webauthn:virtualAuthenticators: true}
Session ID: 87092248d1d363f326a7a3ee472e8844">
      <![CDATA[org.openqa.selenium.TimeoutException: java.util.concurrent.TimeoutException
Build info: version: '4.17.0', revision: 'e52b1be057*'
System info: os.name: 'Windows 11', os.arch: 'amd64', os.version: '10.0', java.version: '21.0.2'
Driver info: org.openqa.selenium.chrome.ChromeDriver
Command: [87092248d1d363f326a7a3ee472e8844, get {url=https://cart.logicalmindsitsolutions.com/}]
Capabilities {acceptInsecureCerts: false, browserName: chrome, browserVersion: 122.0.6261.129, chrome: {chromedriverVersion: 122.0.6261.128 (f18a44fedeb..., userDataDir: C:\Users\arund\AppData\Loca...}, fedcm:accounts: true, goog:chromeOptions: {debuggerAddress: localhost:54975}, networkConnectionEnabled: false, pageLoadStrategy: normal, platformName: windows, proxy: Proxy(), se:cdp: ws://localhost:54975/devtoo..., se:cdpVersion: 122.0.6261.129, setWindowRect: true, strictFileInteractability: false, timeouts: {implicit: 0, pageLoad: 300000, script: 30000}, unhandledPromptBehavior: dismiss and notify, webauthn:extension:credBlob: true, webauthn:extension:largeBlob: true, webauthn:extension:minPinLength: true, webauthn:extension:prf: true, webauthn:virtualAuthenticators: true}
Session ID: 87092248d1d363f326a7a3ee472e8844
at org.openqa.selenium.remote.http.jdk.JdkHttpClient.execute0(JdkHttpClient.java:402)
at org.openqa.selenium.remote.http.AddSeleniumUserAgent.lambda$apply$0(AddSeleniumUserAgent.java:42)
at org.openqa.selenium.remote.http.Filter.lambda$andFinally$1(Filter.java:55)
at org.openqa.selenium.remote.http.jdk.JdkHttpClient.execute(JdkHttpClient.java:358)
at org.openqa.selenium.remote.HttpCommandExecutor.execute(HttpCommandExecutor.java:187)
at org.openqa.selenium.remote.service.DriverCommandExecutor.invokeExecute(DriverCommandExecutor.java:216)
at org.openqa.selenium.remote.service.DriverCommandExecutor.execute(DriverCommandExecutor.java:174)
at org.openqa.selenium.remote.RemoteWebDriver.execute(RemoteWebDriver.java:519)
at org.openqa.selenium.remote.RemoteWebDriver.get(RemoteWebDriver.java:301)
at logical_Cart_pack_Dinesh.Getting_GreenProduct_Title.basic(Getting_GreenProduct_Title.java:42)
at java.base/jdk.internal.reflect.DirectMethodHandleAccessor.invoke(DirectMethodHandleAccessor.java:103)
at java.base/java.lang.reflect.Method.invoke(Method.java:580)
at org.testng.internal.invokers.MethodInvocationHelper.invokeMethod(MethodInvocationHelper.java:139)
at org.testng.internal.invokers.MethodInvocationHelper.invokeMethodConsideringTimeout(MethodInvocationHelper.java:69)
at org.testng.internal.invokers.ConfigInvoker.invokeConfigurationMethod(ConfigInvoker.java:393)
at org.testng.internal.invokers.ConfigInvoker.invokeConfigurations(ConfigInvoker.java:326)
at org.testng.TestRunner.invokeTestConfigurations(TestRunner.java:661)
at org.testng.TestRunner.beforeRun(TestRunner.java:650)
at org.testng.TestRunner.run(TestRunner.java:612)
at org.testng.SuiteRunner.runTest(SuiteRunner.java:443)
at org.testng.SuiteRunner.runSequentially(SuiteRunner.java:437)
at org.testng.SuiteRunner.privateRun(SuiteRunner.java:397)
at org.testng.SuiteRunner.run(SuiteRunner.java:336)
at org.testng.SuiteRunnerWorker.runSuite(SuiteRunnerWorker.java:52)
at org.testng.SuiteRunnerWorker.run(SuiteRunnerWorker.java:95)
at org.testng.TestNG.runSuitesSequentially(TestNG.java:1301)
at org.testng.TestNG.runSuitesLocally(TestNG.java:1228)
at org.testng.TestNG.runSuites(TestNG.java:1134)
at org.testng.TestNG.run(TestNG.java:1101)
at org.testng.remote.AbstractRemoteTestNG.run(AbstractRemoteTestNG.java:115)
at org.testng.remote.RemoteTestNG.initAndRun(RemoteTestNG.java:251)
at org.testng.remote.RemoteTestNG.main(RemoteTestNG.java:77)
Caused by: java.util.concurrent.TimeoutException
at java.base/java.util.concurrent.CompletableFuture.timedGet(CompletableFuture.java:1960)
at java.base/java.util.concurrent.CompletableFuture.get(CompletableFuture.java:2095)
at org.openqa.selenium.remote.http.jdk.JdkHttpClient.execute0(JdkHttpClient.java:385)
... 31 more
]]>
    </failure>
  </testcase> <!-- @BeforeTest basic -->
  <testcase classname="logical_Cart_pack_Dinesh.GreenAdd_Products_From_InSide" name="@BeforeTest basic" time="0.0">
    <skipped/>
  </testcase> <!-- @BeforeTest basic -->
  <testcase classname="logical_Cart_pack_Dinesh.GreenAdd_Products_From_OutSide_1" name="@BeforeTest basic" time="0.0">
    <skipped/>
  </testcase> <!-- @BeforeTest basic -->
  <testcase classname="logical_Cart_pack_Dinesh.GreenAdd_Products_From_OutSide_2" name="@BeforeTest basic" time="0.0">
    <skipped/>
  </testcase> <!-- @BeforeTest basic -->
  <testcase classname="logical_Cart_pack_Dinesh.LoginCart" name="@BeforeTest basic" time="0.0">
    <skipped/>
  </testcase> <!-- @BeforeTest basic -->
  <testcase classname="logical_Cart_pack_Dinesh.Proceed_Buying" name="@BeforeTest basic" time="0.0">
    <skipped/>
  </testcase> <!-- @BeforeTest basic -->
  <testcase classname="logical_Cart_pack_Dinesh.RemoveProducts_FromCart" name="@BeforeTest basic" time="0.0">
    <skipped/>
  </testcase> <!-- @BeforeTest basic -->
  <testcase classname="logical_Cart_pack_Dinesh.GreenAdd_Products_From_OutSide_2" name="@AfterMethod tearDown" time="0.0">
    <skipped/>
  </testcase> <!-- @AfterMethod tearDown -->
  <testcase classname="logical_Cart_pack_Dinesh.GreenAdd_Products_From_OutSide_2" name="@AfterMethod tearDown" time="0.0">
    <skipped/>
  </testcase> <!-- @AfterMethod tearDown -->
  <testcase classname="logical_Cart_pack_Dinesh.GreenAdd_Products_From_OutSide_1" name="@AfterMethod tearDown" time="0.0">
    <skipped/>
  </testcase> <!-- @AfterMethod tearDown -->
  <testcase classname="logical_Cart_pack_Dinesh.GreenAdd_Products_From_OutSide_1" name="@AfterMethod tearDown" time="0.0">
    <skipped/>
  </testcase> <!-- @AfterMethod tearDown -->
  <testcase classname="logical_Cart_pack_Dinesh.RemoveProducts_FromCart" name="@AfterMethod tearDown" time="0.0">
    <skipped/>
  </testcase> <!-- @AfterMethod tearDown -->
  <testcase classname="logical_Cart_pack_Dinesh.RemoveProducts_FromCart" name="@AfterMethod tearDown" time="0.0">
    <skipped/>
  </testcase> <!-- @AfterMethod tearDown -->
  <testcase classname="logical_Cart_pack_Dinesh.GreenAdd_Products_From_InSide" name="@AfterMethod tearDown" time="0.0">
    <skipped/>
  </testcase> <!-- @AfterMethod tearDown -->
  <testcase classname="logical_Cart_pack_Dinesh.GreenAdd_Products_From_InSide" name="@AfterMethod tearDown" time="0.0">
    <skipped/>
  </testcase> <!-- @AfterMethod tearDown -->
  <testcase classname="logical_Cart_pack_Dinesh.Getting_GreenProduct_Title" name="@AfterMethod tearDown" time="0.0">
    <skipped/>
  </testcase> <!-- @AfterMethod tearDown -->
  <testcase classname="logical_Cart_pack_Dinesh.Getting_GreenProduct_Title" name="@AfterMethod tearDown" time="0.0">
    <skipped/>
  </testcase> <!-- @AfterMethod tearDown -->
  <testcase classname="logical_Cart_pack_Dinesh.Proceed_Buying" name="@AfterMethod tearDown" time="0.0">
    <skipped/>
  </testcase> <!-- @AfterMethod tearDown -->
  <testcase classname="logical_Cart_pack_Dinesh.Proceed_Buying" name="@AfterMethod tearDown" time="0.0">
    <skipped/>
  </testcase> <!-- @AfterMethod tearDown -->
  <testcase classname="logical_Cart_pack_Dinesh.LoginCart" name="@AfterMethod tearDown" time="0.0">
    <skipped/>
  </testcase> <!-- @AfterMethod tearDown -->
  <testcase classname="logical_Cart_pack_Dinesh.LoginCart" name="@AfterMethod tearDown" time="0.0">
    <skipped/>
  </testcase> <!-- @AfterMethod tearDown -->
  <testcase classname="logical_Cart_pack_Dinesh.Getting_GreenProduct_Title" name="@AfterTest tearDown" time="0.0">
    <skipped/>
  </testcase> <!-- @AfterTest tearDown -->
  <testcase classname="logical_Cart_pack_Dinesh.GreenAdd_Products_From_InSide" name="@AfterTest tearDown" time="0.0">
    <skipped/>
  </testcase> <!-- @AfterTest tearDown -->
  <testcase classname="logical_Cart_pack_Dinesh.GreenAdd_Products_From_OutSide_1" name="@AfterTest tearDown" time="0.0">
    <skipped/>
  </testcase> <!-- @AfterTest tearDown -->
  <testcase classname="logical_Cart_pack_Dinesh.GreenAdd_Products_From_OutSide_2" name="@AfterTest tearDown" time="0.0">
    <skipped/>
  </testcase> <!-- @AfterTest tearDown -->
  <testcase classname="logical_Cart_pack_Dinesh.LoginCart" name="@AfterTest tearDown" time="0.0">
    <skipped/>
  </testcase> <!-- @AfterTest tearDown -->
  <testcase classname="logical_Cart_pack_Dinesh.Proceed_Buying" name="@AfterTest tearDown" time="0.0">
    <skipped/>
  </testcase> <!-- @AfterTest tearDown -->
  <testcase classname="logical_Cart_pack_Dinesh.RemoveProducts_FromCart" name="@AfterTest tearDown" time="0.0">
    <skipped/>
  </testcase> <!-- @AfterTest tearDown -->
  <testcase classname="logical_Cart_pack_Dinesh.GreenAdd_Products_From_OutSide_2" name="Login" time="0.0">
    <skipped/>
  </testcase> <!-- Login -->
  <testcase classname="logical_Cart_pack_Dinesh.GreenAdd_Products_From_OutSide_2" name="Greens_addProductsTest_OutSide_2" time="0.0">
    <skipped/>
  </testcase> <!-- Greens_addProductsTest_OutSide_2 -->
  <testcase classname="logical_Cart_pack_Dinesh.GreenAdd_Products_From_OutSide_1" name="Login" time="0.0">
    <skipped/>
  </testcase> <!-- Login -->
  <testcase classname="logical_Cart_pack_Dinesh.GreenAdd_Products_From_OutSide_1" name="Greens_addProducts_Test_1_OutSide" time="0.0">
    <skipped/>
  </testcase> <!-- Greens_addProducts_Test_1_OutSide -->
  <testcase classname="logical_Cart_pack_Dinesh.RemoveProducts_FromCart" name="Login" time="0.0">
    <skipped/>
  </testcase> <!-- Login -->
  <testcase classname="logical_Cart_pack_Dinesh.RemoveProducts_FromCart" name="RemoveProducts_From_Cart" time="0.0">
    <skipped/>
  </testcase> <!-- RemoveProducts_From_Cart -->
  <testcase classname="logical_Cart_pack_Dinesh.GreenAdd_Products_From_InSide" name="Login" time="0.0">
    <skipped/>
  </testcase> <!-- Login -->
  <testcase classname="logical_Cart_pack_Dinesh.GreenAdd_Products_From_InSide" name="Greens_addProducts_Test_1_Inside" time="0.0">
    <skipped/>
  </testcase> <!-- Greens_addProducts_Test_1_Inside -->
  <testcase classname="logical_Cart_pack_Dinesh.Getting_GreenProduct_Title" name="Login" time="0.0">
    <skipped/>
  </testcase> <!-- Login -->
  <testcase classname="logical_Cart_pack_Dinesh.Getting_GreenProduct_Title" name="Green_Getting_Title" time="0.0">
    <skipped/>
  </testcase> <!-- Green_Getting_Title -->
  <testcase classname="logical_Cart_pack_Dinesh.Proceed_Buying" name="Login" time="0.0">
    <skipped/>
  </testcase> <!-- Login -->
  <testcase classname="logical_Cart_pack_Dinesh.Proceed_Buying" name="Proceed_Buy_Valid_Data11" time="0.0">
    <skipped/>
  </testcase> <!-- Proceed_Buy_Valid_Data11 -->
  <testcase classname="logical_Cart_pack_Dinesh.LoginCart" name="validLoginTest" time="0.0">
    <skipped/>
  </testcase> <!-- validLoginTest -->
  <testcase classname="logical_Cart_pack_Dinesh.LoginCart" name="invalidLoginTest" time="0.001">
    <skipped/>
  </testcase> <!-- invalidLoginTest -->
</testsuite> <!-- Default test -->
