<?xml version="1.0" encoding="UTF-8"?>
<!-- Generated by org.testng.reporters.JUnitXMLReporter -->
<testsuite ignored="0" hostname="Dinesh" failures="0" tests="14" name="Test" time="816.143" errors="0" timestamp="2024-03-16T14:30:08 IST">
  <testcase classname="logical_Cart_pack_Dinesh.Proceed_Buying" name="@BeforeTest basic" time="182.776">
    <failure type="org.openqa.selenium.TimeoutException" message="java.util.concurrent.TimeoutException
Build info: version: &amp;apos;4.17.0&amp;apos;, revision: &amp;apos;e52b1be057*&amp;apos;
System info: os.name: &amp;apos;Windows 11&amp;apos;, os.arch: &amp;apos;amd64&amp;apos;, os.version: &amp;apos;10.0&amp;apos;, java.version: &amp;apos;21.0.2&amp;apos;
Driver info: org.openqa.selenium.chrome.ChromeDriver
Command: [5f2f3e2b826ae5c9640ace2efe85e0e5, get {url=https://cart.logicalmindsitsolutions.com/}]
Capabilities {acceptInsecureCerts: false, browserName: chrome, browserVersion: 122.0.6261.129, chrome: {chromedriverVersion: 122.0.6261.128 (f18a44fedeb..., userDataDir: C:\Users\arund\AppData\Loca...}, fedcm:accounts: true, goog:chromeOptions: {debuggerAddress: localhost:54294}, networkConnectionEnabled: false, pageLoadStrategy: normal, platformName: windows, proxy: Proxy(), se:cdp: ws://localhost:54294/devtoo..., se:cdpVersion: 122.0.6261.129, setWindowRect: true, strictFileInteractability: false, timeouts: {implicit: 0, pageLoad: 300000, script: 30000}, unhandledPromptBehavior: dismiss and notify, webauthn:extension:credBlob: true, webauthn:extension:largeBlob: true, webauthn:extension:minPinLength: true, webauthn:extension:prf: true, webauthn:virtualAuthenticators: true}
Session ID: 5f2f3e2b826ae5c9640ace2efe85e0e5">
      <![CDATA[org.openqa.selenium.TimeoutException: java.util.concurrent.TimeoutException
Build info: version: '4.17.0', revision: 'e52b1be057*'
System info: os.name: 'Windows 11', os.arch: 'amd64', os.version: '10.0', java.version: '21.0.2'
Driver info: org.openqa.selenium.chrome.ChromeDriver
Command: [5f2f3e2b826ae5c9640ace2efe85e0e5, get {url=https://cart.logicalmindsitsolutions.com/}]
Capabilities {acceptInsecureCerts: false, browserName: chrome, browserVersion: 122.0.6261.129, chrome: {chromedriverVersion: 122.0.6261.128 (f18a44fedeb..., userDataDir: C:\Users\arund\AppData\Loca...}, fedcm:accounts: true, goog:chromeOptions: {debuggerAddress: localhost:54294}, networkConnectionEnabled: false, pageLoadStrategy: normal, platformName: windows, proxy: Proxy(), se:cdp: ws://localhost:54294/devtoo..., se:cdpVersion: 122.0.6261.129, setWindowRect: true, strictFileInteractability: false, timeouts: {implicit: 0, pageLoad: 300000, script: 30000}, unhandledPromptBehavior: dismiss and notify, webauthn:extension:credBlob: true, webauthn:extension:largeBlob: true, webauthn:extension:minPinLength: true, webauthn:extension:prf: true, webauthn:virtualAuthenticators: true}
Session ID: 5f2f3e2b826ae5c9640ace2efe85e0e5
at org.openqa.selenium.remote.http.jdk.JdkHttpClient.execute0(JdkHttpClient.java:402)
at org.openqa.selenium.remote.http.AddSeleniumUserAgent.lambda$apply$0(AddSeleniumUserAgent.java:42)
at org.openqa.selenium.remote.http.Filter.lambda$andFinally$1(Filter.java:55)
at org.openqa.selenium.remote.http.jdk.JdkHttpClient.execute(JdkHttpClient.java:358)
at org.openqa.selenium.remote.HttpCommandExecutor.execute(HttpCommandExecutor.java:187)
at org.openqa.selenium.remote.service.DriverCommandExecutor.invokeExecute(DriverCommandExecutor.java:216)
at org.openqa.selenium.remote.service.DriverCommandExecutor.execute(DriverCommandExecutor.java:174)
at org.openqa.selenium.remote.RemoteWebDriver.execute(RemoteWebDriver.java:519)
at org.openqa.selenium.remote.RemoteWebDriver.get(RemoteWebDriver.java:301)
at logical_Cart_pack_Dinesh.Proceed_Buying.basic(Proceed_Buying.java:48)
Caused by: java.util.concurrent.TimeoutException
at java.base/java.util.concurrent.CompletableFuture.timedGet(CompletableFuture.java:1960)
at java.base/java.util.concurrent.CompletableFuture.get(CompletableFuture.java:2095)
at org.openqa.selenium.remote.http.jdk.JdkHttpClient.execute0(JdkHttpClient.java:385)
... 31 more
... Removed 22 stack frames]]>
    </failure>
  </testcase> <!-- @BeforeTest basic -->
  <testcase classname="logical_Cart_pack_Dinesh.RemoveProducts_FromCart" name="@BeforeTest basic" time="0.0">
    <skipped/>
  </testcase> <!-- @BeforeTest basic -->
  <testcase classname="logical_Cart_pack_Dinesh.GreenAdd_Products_From_OutSide_1" name="@AfterMethod tearDown" time="0.0">
    <skipped/>
  </testcase> <!-- @AfterMethod tearDown -->
  <testcase classname="logical_Cart_pack_Dinesh.GreenAdd_Products_From_OutSide_1" name="@AfterMethod tearDown" time="0.0">
    <skipped/>
  </testcase> <!-- @AfterMethod tearDown -->
  <testcase classname="logical_Cart_pack_Dinesh.GreenAdd_Products_From_OutSide_2" name="@AfterMethod tearDown" time="0.0">
    <skipped/>
  </testcase> <!-- @AfterMethod tearDown -->
  <testcase classname="logical_Cart_pack_Dinesh.GreenAdd_Products_From_OutSide_2" name="@AfterMethod tearDown" time="0.0">
    <skipped/>
  </testcase> <!-- @AfterMethod tearDown -->
  <testcase classname="logical_Cart_pack_Dinesh.GreenAdd_Products_From_InSide" name="@AfterMethod tearDown" time="0.0">
    <skipped/>
  </testcase> <!-- @AfterMethod tearDown -->
  <testcase classname="logical_Cart_pack_Dinesh.GreenAdd_Products_From_InSide" name="@AfterMethod tearDown" time="0.0">
    <skipped/>
  </testcase> <!-- @AfterMethod tearDown -->
  <testcase classname="logical_Cart_pack_Dinesh.RemoveProducts_FromCart" name="@AfterMethod tearDown" time="0.0">
    <skipped/>
  </testcase> <!-- @AfterMethod tearDown -->
  <testcase classname="logical_Cart_pack_Dinesh.RemoveProducts_FromCart" name="@AfterMethod tearDown" time="0.0">
    <skipped/>
  </testcase> <!-- @AfterMethod tearDown -->
  <testcase classname="logical_Cart_pack_Dinesh.Getting_GreenProduct_Title" name="@AfterMethod tearDown" time="0.0">
    <skipped/>
  </testcase> <!-- @AfterMethod tearDown -->
  <testcase classname="logical_Cart_pack_Dinesh.Getting_GreenProduct_Title" name="@AfterMethod tearDown" time="0.0">
    <skipped/>
  </testcase> <!-- @AfterMethod tearDown -->
  <testcase classname="logical_Cart_pack_Dinesh.LoginCart" name="@AfterMethod tearDown" time="0.0">
    <skipped/>
  </testcase> <!-- @AfterMethod tearDown -->
  <testcase classname="logical_Cart_pack_Dinesh.LoginCart" name="@AfterMethod tearDown" time="0.0">
    <skipped/>
  </testcase> <!-- @AfterMethod tearDown -->
  <testcase classname="logical_Cart_pack_Dinesh.Proceed_Buying" name="@AfterMethod tearDown" time="0.0">
    <skipped/>
  </testcase> <!-- @AfterMethod tearDown -->
  <testcase classname="logical_Cart_pack_Dinesh.Proceed_Buying" name="@AfterMethod tearDown" time="0.0">
    <skipped/>
  </testcase> <!-- @AfterMethod tearDown -->
  <testcase classname="logical_Cart_pack_Dinesh.Getting_GreenProduct_Title" name="@AfterTest tearDown" time="0.0">
    <skipped/>
  </testcase> <!-- @AfterTest tearDown -->
  <testcase classname="logical_Cart_pack_Dinesh.GreenAdd_Products_From_InSide" name="@AfterTest tearDown" time="0.0">
    <skipped/>
  </testcase> <!-- @AfterTest tearDown -->
  <testcase classname="logical_Cart_pack_Dinesh.GreenAdd_Products_From_OutSide_1" name="@AfterTest tearDown" time="0.0">
    <skipped/>
  </testcase> <!-- @AfterTest tearDown -->
  <testcase classname="logical_Cart_pack_Dinesh.GreenAdd_Products_From_OutSide_2" name="@AfterTest tearDown" time="0.0">
    <skipped/>
  </testcase> <!-- @AfterTest tearDown -->
  <testcase classname="logical_Cart_pack_Dinesh.LoginCart" name="@AfterTest tearDown" time="0.0">
    <skipped/>
  </testcase> <!-- @AfterTest tearDown -->
  <testcase classname="logical_Cart_pack_Dinesh.Proceed_Buying" name="@AfterTest tearDown" time="0.0">
    <skipped/>
  </testcase> <!-- @AfterTest tearDown -->
  <testcase classname="logical_Cart_pack_Dinesh.RemoveProducts_FromCart" name="@AfterTest tearDown" time="0.0">
    <skipped/>
  </testcase> <!-- @AfterTest tearDown -->
  <testcase classname="logical_Cart_pack_Dinesh.GreenAdd_Products_From_OutSide_1" name="Login" time="0.0">
    <skipped/>
  </testcase> <!-- Login -->
  <testcase classname="logical_Cart_pack_Dinesh.GreenAdd_Products_From_OutSide_1" name="Greens_addProducts_Test_1_OutSide" time="0.0">
    <skipped/>
  </testcase> <!-- Greens_addProducts_Test_1_OutSide -->
  <testcase classname="logical_Cart_pack_Dinesh.GreenAdd_Products_From_OutSide_2" name="Login" time="0.0">
    <skipped/>
  </testcase> <!-- Login -->
  <testcase classname="logical_Cart_pack_Dinesh.GreenAdd_Products_From_OutSide_2" name="Greens_addProductsTest_OutSide_2" time="0.0">
    <skipped/>
  </testcase> <!-- Greens_addProductsTest_OutSide_2 -->
  <testcase classname="logical_Cart_pack_Dinesh.GreenAdd_Products_From_InSide" name="Login" time="0.0">
    <skipped/>
  </testcase> <!-- Login -->
  <testcase classname="logical_Cart_pack_Dinesh.GreenAdd_Products_From_InSide" name="Greens_addProducts_Test_1_Inside" time="0.0">
    <skipped/>
  </testcase> <!-- Greens_addProducts_Test_1_Inside -->
  <testcase classname="logical_Cart_pack_Dinesh.RemoveProducts_FromCart" name="Login" time="0.0">
    <skipped/>
  </testcase> <!-- Login -->
  <testcase classname="logical_Cart_pack_Dinesh.RemoveProducts_FromCart" name="RemoveProducts_From_Cart" time="0.0">
    <skipped/>
  </testcase> <!-- RemoveProducts_From_Cart -->
  <testcase classname="logical_Cart_pack_Dinesh.Getting_GreenProduct_Title" name="Login" time="0.0">
    <skipped/>
  </testcase> <!-- Login -->
  <testcase classname="logical_Cart_pack_Dinesh.Getting_GreenProduct_Title" name="Green_Getting_Title" time="0.0">
    <skipped/>
  </testcase> <!-- Green_Getting_Title -->
  <testcase classname="logical_Cart_pack_Dinesh.LoginCart" name="validLoginTest" time="0.0">
    <skipped/>
  </testcase> <!-- validLoginTest -->
  <testcase classname="logical_Cart_pack_Dinesh.LoginCart" name="invalidLoginTest" time="0.0">
    <skipped/>
  </testcase> <!-- invalidLoginTest -->
  <testcase classname="logical_Cart_pack_Dinesh.Proceed_Buying" name="Login" time="0.0">
    <skipped/>
  </testcase> <!-- Login -->
  <testcase classname="logical_Cart_pack_Dinesh.Proceed_Buying" name="Proceed_Buy_Valid_Data11" time="0.0">
    <skipped/>
  </testcase> <!-- Proceed_Buy_Valid_Data11 -->
</testsuite> <!-- Test -->
